==> Clearing previous build log...
unpacking 'https://github.com/input-output-hk/haskell.nix/archive/refs/heads/master.tar.gz' into the Git cache...
building '/nix/store/iqhviwbm0qm67i027858557rmyk21xlm-source.drv'...

trying https://github.com/input-output-hk/hackage.nix/archive/6628238498c563b52150998747a11ffba9b1d7fe.tar.gz
  % Total    % Received % Xferd  Average Speed   Time    Time     Time  Current
                                 Dload  Upload   Total   Spent    Left  Speed
  0     0    0     0    0     0      0      0 --:--:-- --:--:-- --:--:--     0
100  102k    0  102k    0     0   137k      0 --:--:-- --:--:-- --:--:--  137k
unpacking source archive /nix/var/nix/builds/nix-112-114484771/6628238498c563b52150998747a11ffba9b1d7fe.tar.gz
unpacking 'https://github.com/IntersectMBO/cardano-haskell-packages/archive/refs/heads/repo.tar.gz' into the Git cache...
building '/nix/store/4v74g4pffjm56fdcgpgk3m4yvnj7v8gc-01-index.tar.gz-at-2025-10-30T222204Z.drv'...

trying https://hackage.haskell.org/01-index.tar.gz
  % Total    % Received % Xferd  Average Speed   Time    Time     Time  Current
                                 Dload  Upload   Total   Spent    Left  Speed
100  125M  100  125M    0     0  32.3M      0  0:00:03  0:00:03 --:--:-- 32.3M
building '/nix/store/vhqisn5wab8442kj1bpk3kaivbsb4jls-hackage-repo-hackage.haskell.org.drv'...
building '/nix/store/xv2zdisbm38c2nf7hkly2fd0xa2q83r6-cabal-bootstrap-index-tarball-hackage.haskell.org.drv'...
Downloading the latest package list from hackage.haskell.org
Package list of hackage.haskell.org has been updated.
The index-state is set to 2025-10-30T22:22:04Z.
building '/nix/store/5bqw6ilnjspsh1pspj03bdqs9j6vwj0j-dot-cabal.drv'...
building '/nix/store/lx2fjlyk666dmbbggnxql31imj10rfy0-haskell-project-plan-to-nix-pkgs.drv'...
Cloning into '/nix/var/nix/builds/nix-112-114484776/tmp.U1h0oggZHW/dist-newstyle/src/2z60481p2_-af94fa542db320a817d06eb50e27c6530d935e1b79e96fc28bdcab3b0f5f9879'...
remote: Enumerating objects: 123, done.
remote: Counting objects: 100% (123/123), done.
remote: Compressing objects: 100% (107/107), done.
remote: Total 123 (delta 5), reused 0 (delta 0), pack-reused 0 (from 0)
Receiving objects: 100% (123/123), 168.86 KiB | 12.99 MiB/s, done.
Resolving deltas: 100% (5/5), done.
HEAD is now at a7cf04f Minimal Repo For Haskell.Nix
Cloning into '/nix/var/nix/builds/nix-112-114484776/tmp.U1h0oggZHW/dist-newstyle/src/4likma1mv_-a657b4943de3b7519f07fd5bcafc2a7f82052a0d88745cdce0769f91455bf7f8'...
remote: Enumerating objects: 209, done.
remote: Counting objects: 100% (209/209), done.
remote: Compressing objects: 100% (149/149), done.
remote: Total 209 (delta 13), reused 0 (delta 0), pack-reused 0 (from 0)
Receiving objects: 100% (209/209), 120.43 KiB | 9.26 MiB/s, done.
Resolving deltas: 100% (13/13), done.
HEAD is now at 875e76a Minimal Repo For Haskell.Nix
Cloning into '/nix/var/nix/builds/nix-112-114484776/tmp.U1h0oggZHW/dist-newstyle/src/df7rbab8q_-526e54ac9319b7fe0695a0327d4a3ed740b5e73106f78ffccab86f9349be1c2f'...
remote: Enumerating objects: 145, done.
remote: Counting objects: 100% (145/145), done.
remote: Compressing objects: 100% (115/115), done.
remote: Total 145 (delta 18), reused 0 (delta 0), pack-reused 0 (from 0)
Receiving objects: 100% (145/145), 108.94 KiB | 9.08 MiB/s, done.
Resolving deltas: 100% (18/18), done.
HEAD is now at ffd6d29 Minimal Repo For Haskell.Nix
Cloning into '/nix/var/nix/builds/nix-112-114484776/tmp.U1h0oggZHW/dist-newstyle/src/dx1klv9cp_-eae02cf5f5b6ac96efa68799f7b83d8e2a17dc07b9de0b47c76bf179c493bb63'...
remote: Enumerating objects: 179, done.
remote: Counting objects: 100% (179/179), done.
remote: Compressing objects: 100% (139/139), done.
remote: Total 179 (delta 20), reused 0 (delta 0), pack-reused 0 (from 0)
Receiving objects: 100% (179/179), 173.15 KiB | 12.37 MiB/s, done.
Resolving deltas: 100% (20/20), done.
HEAD is now at 7043dad Minimal Repo For Haskell.Nix
Cloning into '/nix/var/nix/builds/nix-112-114484776/tmp.U1h0oggZHW/dist-newstyle/src/jg460ags9_-ee29f99622e3e76d81f4b67521df2318d636b3b1c4e8d98e3f98a8015e19c25b'...
remote: Enumerating objects: 60, done.
remote: Counting objects: 100% (60/60), done.
remote: Compressing objects: 100% (40/40), done.
remote: Total 60 (delta 1), reused 0 (delta 0), pack-reused 0 (from 0)
Receiving objects: 100% (60/60), 19.43 KiB | 1.94 MiB/s, done.
Resolving deltas: 100% (1/1), done.
HEAD is now at bbb8b0b Minimal Repo For Haskell.Nix
Cloning into '/nix/var/nix/builds/nix-112-114484776/tmp.U1h0oggZHW/dist-newstyle/src/klnm4yh79_-588311e8fade07b92735cce84a89ee24759106387dcd744c22cb34772c728a15'...
remote: Enumerating objects: 20, done.
remote: Counting objects: 100% (20/20), done.
remote: Compressing objects: 100% (14/14), done.
remote: Total 20 (delta 0), reused 0 (delta 0), pack-reused 0 (from 0)
Receiving objects: 100% (20/20), 5.59 KiB | 716.00 KiB/s, done.
HEAD is now at f6d44f5 Minimal Repo For Haskell.Nix
Cloning into '/nix/var/nix/builds/nix-112-114484776/tmp.U1h0oggZHW/dist-newstyle/src/lb1r6hmqz_-38f312a30dce8996551fc54d27e826260b397960136f5c35fbb19bf60cecd979'...
remote: Enumerating objects: 13, done.
remote: Counting objects: 100% (13/13), done.
remote: Compressing objects: 100% (10/10), done.
remote: Total 13 (delta 0), reused 0 (delta 0), pack-reused 0 (from 0)
Receiving objects: 100% (13/13), 13.29 KiB | 1.48 MiB/s, done.
HEAD is now at 2538fa0 Minimal Repo For Haskell.Nix
Cloning into '/nix/var/nix/builds/nix-112-114484776/tmp.U1h0oggZHW/dist-newstyle/src/y17445m19_-adb36286cbf3f123a2a62c0adc269e94e50a22358fa4bf7603c04d496b277fa7'...
remote: Enumerating objects: 35, done.
remote: Counting objects: 100% (35/35), done.
remote: Compressing objects: 100% (30/30), done.
remote: Total 35 (delta 1), reused 0 (delta 0), pack-reused 0 (from 0)
Receiving objects: 100% (35/35), 31.43 KiB | 3.49 MiB/s, done.
Resolving deltas: 100% (1/1), done.
HEAD is now at 991c2ef Minimal Repo For Haskell.Nix
Configuration is affected by the following files:
- cabal.project
Warning: The package list for 'hackage.haskell.org' is 20392 days old.
Run 'cabal update' to get the latest list of available packages.
Warning: The package list for 'cardano-haskell-packages' is 20392 days old.
Run 'cabal update' to get the latest list of available packages.
Resolving dependencies...
Writing plan.json to
/nix/var/nix/builds/nix-112-114484776/tmp.U1h0oggZHW/dist-newstyle/cache/plan.json
Wrote freeze file to
/nix/var/nix/builds/nix-112-114484776/tmp.U1h0oggZHW/cabal.project.freeze
Writing cabal files to
/nix/var/nix/builds/nix-112-114484776/tmp.U1h0oggZHW/dist-newstyle/cabal-files
substituteStream() in derivation haskell-project-plan-to-nix-pkgs: WARNING: '--replace' is deprecated, use --replace-{fail,warn,quiet}. (file '/nix/var/nix/builds/nix-112-114484776/tmp.U1h0oggZHW/dist-newstyle/cache/plan.json')
Moving cabal files from /nix/var/nix/builds/nix-112-114484776/tmp.U1h0oggZHW/dist-newstyle/cabal-files to /nix/store/6f7ja5j62znccdh9q4v9ljwpczqi58h5-haskell-project-plan-to-nix-pkgs/cabal-files
building '/nix/store/vg9d7sdbdpbskrb8bh06cy6j6xwfj6lv-dot-cabal.drv'...
building '/nix/store/lq31h4ld3rz4hf8vschm2ypr8r2m2qip-hadrian-plan-to-nix-pkgs.drv'...
Configuration is affected by the following files:
- cabal.project
Warning: The package list for 'hackage.haskell.org' is 20392 days old.
Run 'cabal update' to get the latest list of available packages.
Resolving dependencies...
Writing plan.json to
/nix/var/nix/builds/nix-112-114484778/tmp.ncI2ElJRR3/hadrian/dist-newstyle/cache/plan.json
Wrote freeze file to
/nix/var/nix/builds/nix-112-114484778/tmp.ncI2ElJRR3/hadrian/cabal.project.freeze
Writing cabal files to
/nix/var/nix/builds/nix-112-114484778/tmp.ncI2ElJRR3/hadrian/dist-newstyle/cabal-files
substituteStream() in derivation hadrian-plan-to-nix-pkgs: WARNING: '--replace' is deprecated, use --replace-{fail,warn,quiet}. (file '/nix/var/nix/builds/nix-112-114484778/tmp.ncI2ElJRR3/hadrian/dist-newstyle/cache/plan.json')
Moving cabal files from /nix/var/nix/builds/nix-112-114484778/tmp.ncI2ElJRR3/hadrian/dist-newstyle/cabal-files to /nix/store/7wfqqqggr3bnw0bkyz6lvpyl9db584fl-hadrian-plan-to-nix-pkgs/hadrian/cabal-files
trace: haskell-nix.haskellLib.cleanGit: /nix/store/jyvv4qwcmhyfvsdihrizbd5spmwh03bf-source does not seem to be a git repository,
assuming it is a clean checkout.
trace: haskell-nix.haskellLib.cleanGit: /nix/store/g9xv20cwdsyld2jszszbi4axc0h7div3-source does not seem to be a git repository,
assuming it is a clean checkout.
these 35 derivations will be built:
  /nix/store/mjm5addpxhqmynr9lx2n001b7pas1wmp-plutus-core-lib-plutus-core-1.32.1.0.drv
  /nix/store/gjl05mpwr7wcgff0yn6ryc71ls94n9d8-plutus-core-lib-plutus-ir-1.32.1.0.drv
  /nix/store/4gd61p0rgzpq3ds82fdxggbw2nq9yp6v-plutus-tx-lib-plutus-tx-1.32.1.0.drv
  /nix/store/cwf1gdk4fg0g017aizlxhgjg35ygsaa0-plutus-ledger-api-lib-plutus-ledger-api-1.32.1.0.drv
  /nix/store/m1sbmz18ayb87kybf7z317ha22gw7v7c-cardano-ledger-binary-lib-cardano-ledger-binary-1.5.0.0.drv
  /nix/store/28z0hkibyiwm11k1lrpnr7ahn2vgnksr-cardano-data-lib-cardano-data-1.2.4.1.drv
  /nix/store/2f4frgwhi8zm8hcarfxzwilslf3v5lm7-set-algebra-lib-set-algebra-1.1.0.4.drv
  /nix/store/xi6b7bbyabxskdlrg4xhklrdifci3mlk-cardano-crypto-wrapper-lib-cardano-crypto-wrapper-1.6.1.0.drv
  /nix/store/q3crr2ja0dhb53sj7kd49qdrz0c9y77w-cardano-ledger-byron-lib-cardano-ledger-byron-1.2.0.0.drv
  /nix/store/lxiw6m228fv50719jm2ha6cjla8ydgpf-cardano-ledger-core-lib-cardano-ledger-core-1.16.0.0.drv
  /nix/store/wm8vn8kbcf864887wlv1y7apxlqnww8p-cardano-ledger-shelley-lib-cardano-ledger-shelley-1.15.0.0.drv
  /nix/store/p9dzsqq1lz8ssqxz2vlf25lj5xz79cyr-cardano-ledger-allegra-lib-cardano-ledger-allegra-1.6.1.0.drv
  /nix/store/hva5j3vj7cdcnh7dijh51q6s20sa6hym-cardano-ledger-mary-lib-cardano-ledger-mary-1.7.1.0.drv
  /nix/store/s74iv3b1m7cq0d8qwc7al626p445rrkw-cardano-ledger-alonzo-lib-cardano-ledger-alonzo-1.10.2.0.drv
  /nix/store/9hd937id6x0d0bi0wb7z8x2x0snlji5a-cardano-ledger-babbage-lib-cardano-ledger-babbage-1.9.0.0.drv
  /nix/store/9qny7wc6y6kh7i5x1i9dwvq6xyzwj63x-ouroboros-consensus-lib-ouroboros-consensus-0.22.0.0.drv
  /nix/store/i06z2afw6p1dvcc96rx84f7xfcxwbvs4-cardano-ledger-conway-lib-cardano-ledger-conway-1.16.2.0.drv
  /nix/store/v1d6yd1dabxcrvrmzzc5bybsf5db0sxd-cardano-ledger-api-lib-cardano-ledger-api-1.9.3.0.drv
  /nix/store/yd256v5b6nlvz4h5xfws4wwy4glsmfbn-cardano-protocol-tpraos-lib-cardano-protocol-tpraos-1.3.0.0.drv
  /nix/store/w12nh45dnp5g46vfs3y9g2aqnknvxi19-ouroboros-consensus-protocol-lib-ouroboros-consensus-protocol-0.10.0.0.drv
  /nix/store/1xvwj8q3y4qzbq26d9wml3an088c4sz1-ouroboros-consensus-cardano-lib-ouroboros-consensus-cardano-0.19.0.0.drv
  /nix/store/3nlicpbv4n9wcicdm7rvqj05ip20y1dg-ouroboros-network-framework-lib-ouroboros-network-framework-0.18.0.2.drv
  /nix/store/7ldlm8cwdnc77bnzb962bik6v7wgmpka-plutus-core-lib-plutus-core-testlib-1.32.1.0.drv
  /nix/store/9f0lrn8y3wwxy3waa13crsdhgh8qb7is-plutus-ledger-api-lib-plutus-ledger-api-testlib-1.32.1.0.drv
  /nix/store/sg6v4lmwz3gzrzbdvqzb8kwrlizhn6aq-ouroboros-network-lib-ouroboros-network-0.18.0.0.drv
  /nix/store/ah6lq5f8vlg9xiak013kakrs1944c8g3-ouroboros-consensus-diffusion-lib-ouroboros-consensus-diffusion-0.18.0.0.drv
  /nix/store/aa1mnma870g9knfwq43zkd283zw2jpgk-cardano-api-lib-internal-8.14.0.0.drv
  /nix/store/nhnk1yvqasbpmszc2smfpc03nmnqg2fj-cardano-api-lib-cardano-api-8.14.0.0.drv
  /nix/store/3zhsdnjh13d47wzm94c5v3ghjyimfqja-hydra-pay-core-lib-hydra-pay-core-1.1.2.drv
  /nix/store/q94r5r1zw2a1khsi2hjiv7s03rf41207-reflex-lib-reflex-0.9.4.0.drv
  /nix/store/58hw3d8f2xh6wfzb7jbm7g9p4g2fdlh1-reflex-fsnotify-lib-reflex-fsnotify-0.3.0.2.drv
  /nix/store/sg33frh1hmfmw3w439n3jsg3ljsfj2jf-cardano-transaction-lib-cardano-transaction-0.1.0.0.drv
  /nix/store/sqv8a5kqyxnqrsqq8h7avywwbjp9ivxr-hydra-pay-lib-hydra-pay-1.1.2.drv
  /nix/store/lqmymdyyqvkl7iin5k264y8qmchkjh03-hydra-pay-exe-hydra-pay-1.1.2.drv
  /nix/store/aiq5cgvcyp55j52d1zzhcpgj5hmawkvj-hydra-pay-env.drv
building '/nix/store/q94r5r1zw2a1khsi2hjiv7s03rf41207-reflex-lib-reflex-0.9.4.0.drv'...
building '/nix/store/mjm5addpxhqmynr9lx2n001b7pas1wmp-plutus-core-lib-plutus-core-1.32.1.0.drv'...
building '/nix/store/3nlicpbv4n9wcicdm7rvqj05ip20y1dg-ouroboros-network-framework-lib-ouroboros-network-framework-0.18.0.2.drv'...
Running phase: unpackPhase
unpacking source archive /nix/store/d20whk8xyyz8dv3zsf9a1bx9cxyfbmwc-reflex-lib-reflex
source root is reflex-lib-reflex
Running phase: patchPhase
Running phase: updateAutotoolsGnuConfigScriptsPhase
Running phase: unpackPhase
unpacking source archive /nix/store/7himsj4ycdizjsj8149x8vjms452byql-ouroboros-network-framework-0.18.0.2.tar.gz
Running phase: configurePhase
Running phase: unpackPhase
unpacking source archive /nix/store/isvadblw4fwny9jvr5fymbmwkj91i961-plutus-core-1.32.1.0.tar.gz
source root is ouroboros-network-framework-0.18.0.2
setting SOURCE_DATE_EPOCH to timestamp 1000000000 of file "ouroboros-network-framework-0.18.0.2/testlib/Test/Ouroboros/Network/RawBearer/Utils.hs"
source root is plutus-core-1.32.1.0
Running phase: patchPhase
setting SOURCE_DATE_EPOCH to timestamp 1000000000 of file "plutus-core-1.32.1.0/untyped-plutus-core/test/Transform/Simplify/Lib.hs"
'/nix/var/nix/builds/nix-112-114484781/.attr-0h9ydb7s8pfhl5kfs3rmmwnmpi49yyiw7jgr5dpw9rmvv8sy0f2b' -> 'ouroboros-network-framework.cabal'
applying patch /nix/store/icdk1jvgc7ywilxcbdh1z2zxs1dlywdz-ouroboros-network-framework-contramapM-ghc96.patch
patching file src/Simulation/Network/Snocket.hs
Hunk #1 FAILED at 56.
patch: **** malformed patch at line 21: -                `contramapM` tr

note: keeping build directory '/nix/var/nix/builds/nix-112-114484781'
error: Cannot build '/nix/store/3nlicpbv4n9wcicdm7rvqj05ip20y1dg-ouroboros-network-framework-lib-ouroboros-network-framework-0.18.0.2.drv'.
       Reason: builder failed with exit code 2.
       Output paths:
         /nix/store/00nl83fks9yj9b0i87yzbxni57fhn6hd-ouroboros-network-framework-lib-ouroboros-network-framework-0.18.0.2-data
         /nix/store/c3qslwyg9pirazwlmf7sj61q0m3ycp53-ouroboros-network-framework-lib-ouroboros-network-framework-0.18.0.2
error: Cannot build '/nix/store/aa1mnma870g9knfwq43zkd283zw2jpgk-cardano-api-lib-internal-8.14.0.0.drv'.
       Reason: 1 dependency failed.
       Output paths:
         /nix/store/mapclxvpf0xgc90b53vcpgrg5nwbyfr7-cardano-api-lib-internal-8.14.0.0
         /nix/store/y8qjjzynpnhr9drh0nffxj42cr1bq58x-cardano-api-lib-internal-8.14.0.0-data
error: Cannot build '/nix/store/nhnk1yvqasbpmszc2smfpc03nmnqg2fj-cardano-api-lib-cardano-api-8.14.0.0.drv'.
       Reason: 1 dependency failed.
       Output paths:
         /nix/store/a1r56kjgzfy9xdzza5aj80gpqxziq9qs-cardano-api-lib-cardano-api-8.14.0.0
         /nix/store/kc9wxbsacwmzpg46kv0qd8rjlp6wvn07-cardano-api-lib-cardano-api-8.14.0.0-data
note: keeping build directory '/nix/var/nix/builds/nix-112-114484780'
note: keeping build directory '/nix/var/nix/builds/nix-112-114484779'
error: Cannot build '/nix/store/sqv8a5kqyxnqrsqq8h7avywwbjp9ivxr-hydra-pay-lib-hydra-pay-1.1.2.drv'.
       Reason: 1 dependency failed.
       Output paths:
         /nix/store/anp671cxmnj4vyb9yy5zn9yh0c1kpf4j-hydra-pay-lib-hydra-pay-1.1.2-data
         /nix/store/wrfxhzadcnfwpvcqx9jb1p817h9py0rg-hydra-pay-lib-hydra-pay-1.1.2
error: Cannot build '/nix/store/lqmymdyyqvkl7iin5k264y8qmchkjh03-hydra-pay-exe-hydra-pay-1.1.2.drv'.
       Reason: 1 dependency failed.
       Output paths:
         /nix/store/2d0jj9f1yhn54syfg1zi5p6pxf640fhq-hydra-pay-exe-hydra-pay-1.1.2-data
         /nix/store/j8sbspfgmxj91j0c2w5g62y7ibj10kb0-hydra-pay-exe-hydra-pay-1.1.2
error: Cannot build '/nix/store/aiq5cgvcyp55j52d1zzhcpgj5hmawkvj-hydra-pay-env.drv'.
       Reason: 1 dependency failed.
       Output paths:
         /nix/store/cy5wvs4y5w2m3qb005hipn8mpgs7gvbd-hydra-pay-env
