Extracting package names from cardano-project/cardano-overlays/cardano-packages/default.nix...
Found 224 packages to check
[1/224] Checking aeson...
[2/224] Checking aeson-casing...
[3/224] Checking aeson-pretty...
[4/224] Checking aeson-qq...
[5/224] Checking algebraic-graphs...
[6/224] Checking async-timer...
[7/224] Checking attoparsec...
[8/224] Checking base-deriving-via...
[9/224] Checking base-orphans...
[10/224] Checking base16...
[11/224] Checking base16-bytestring...
[12/224] Checking base64-bytestring...
[13/224] Checking base64-bytestring-type...
[14/224] Checking beam-sqlite...
[15/224] Checking bech32...
[16/224] Checking bech32-th...
[17/224] Checking bifunctor-classes-compat...
[18/224] Checking binary-orphans...
[19/224] Checking blaze-markup...
[20/224] Checking byron-spec-chain...
[21/224] Checking byron-spec-ledger...
[22/224] Checking bytestring-type...
[23/224] Checking canonical-json...
[24/224] Checking cardano-addresses...
[25/224] Checking cardano-binary...
[26/224] Checking cardano-binary-test...
[27/224] Checking cardano-cli...
[28/224] Checking cardano-config...
[29/224] Checking cardano-crypto-wrapper...
[30/224] Checking cardano-data...
[31/224] Checking cardano-ledger-allegra...
[32/224] Checking cardano-ledger-alonzo...
[33/224] Checking cardano-ledger-api...
[34/224] Checking cardano-ledger-babbage...
[35/224] Checking cardano-ledger-babbage-test...
[36/224] Checking cardano-ledger-binary...
[37/224] Checking cardano-ledger-byron...
[38/224] Checking cardano-ledger-conway...
[39/224] Checking cardano-ledger-core...
[40/224] Checking cardano-ledger-mary...
[41/224] Checking cardano-ledger-pretty...
[42/224] Checking cardano-ledger-shelley...
[43/224] Checking cardano-ledger-shelley-test...
[44/224] Checking cardano-node...
[45/224] Checking cardano-prelude-test...
[46/224] Checking cardano-protocol-tpraos...
[47/224] Checking cardano-sl-x509...
[48/224] Checking cardano-slotting...
[49/224] Checking cardano-strict-containers...
[50/224] Checking cassava...
[51/224] Checking cborg...
[52/224] Checking compact-map...
[53/224] Checking contra-tracer...
[54/224] Checking contravariant...
[55/224] Checking criterion...
[56/224] Checking cryptohash-md5...
[57/224] Checking cryptohash-sha1...
[58/224] Checking cuddle...
[59/224] Checking data-array-byte...
[60/224] Checking dependent-sum-aeson-orphans...
[61/224] Checking deps...
[62/224] Checking deriving-aeson...
[63/224] Checking dom-lt...
[64/224] Checking ekg...
[65/224] Checking ekg-json...
[66/224] Checking fgl...
[67/224] Checking fgl-arbitrary...
[68/224] Checking foldable1-classes-compat...
[69/224] Checking foldl...
[70/224] Checking free...
[71/224] Checking freer-extras...
[72/224] Checking fs-api...
[73/224] Checking generic-random...
[74/224] Checking generics-sop...
[75/224] Checking ghcjs-base-stub...
[76/224] Checking goblins...
[77/224] Checking graphviz...
[78/224] Checking gray-code...
[79/224] Checking heapwords...
[80/224] Checking hedgehog...
[81/224] Checking hedgehog-extras...
[82/224] Checking hedgehog-fn...
[83/224] Checking hedgehog-quickcheck...
[84/224] Checking hpack...
[85/224] Checking hs-rqlite...
[86/224] Checking hspec...
[87/224] Checking hspec-core...
[88/224] Checking hspec-discover...
[89/224] Checking hspec-expectations...
[90/224] Checking hspec-golden-aeson...
[91/224] Checking hspec-meta...
[92/224] Checking http-api-data...
[93/224] Checking http-media...
[94/224] Checking http2...
[95/224] Checking hw-aeson...
[96/224] Checking indexed-traversable...
[97/224] Checking indexed-traversable-instances...
[98/224] Checking insert-ordered-containers...
[99/224] Checking integer-logarithms...
[100/224] Checking io-classes...
[101/224] Checking io-sim...
[102/224] Checking iohk-monitoring...
[103/224] Checking js-chart...
[104/224] Checking jsaddle...
[105/224] Checking katip...
[106/224] Checking lattices...
[107/224] Checking lens...
[108/224] Checking lens-aeson...
[109/224] Checking libsystemd-journal...
[110/224] Checking lift-type...
[111/224] Checking lobemo-backend-aggregation...
[112/224] Checking lobemo-backend-ekg...
[113/224] Checking lobemo-backend-monitoring...
[114/224] Checking lobemo-backend-trace-forwarder...
[115/224] Checking lobemo-scribe-systemd...
[116/224] Checking lzma...
[117/224] Checking measures...
[118/224] Checking memory...
[119/224] Checking mempack...
[120/224] Checking microstache...
[121/224] Checking monoidal-containers...
[122/224] Checking monoidal-synchronisation...
[123/224] Checking moo...
[124/224] Checking natural-transformation...
[125/224] Checking network-mux...
[126/224] Checking non-integral...
[127/224] Checking nothunks...
[128/224] Checking ntp-client...
[129/224] Checking openapi3...
[130/224] Checking optparse-applicative-fork...
[131/224] Checking orphans-deriving-via...
[132/224] Checking ouroboros-consensus...
[133/224] Checking ouroboros-consensus-byron...
[134/224] Checking ouroboros-consensus-cardano...
[135/224] Checking ouroboros-consensus-shelley...
[136/224] Checking ouroboros-network-framework...
[137/224] Checking ouroboros-network-testing...
[138/224] Checking pcg-random...
[139/224] Checking persistent...
[140/224] Checking persistent-postgresql...
[141/224] Checking persistent-qq...
[142/224] Checking persistent-sqlite...
[143/224] Checking persistent-template...
[144/224] Checking persistent-test...
[145/224] Checking playground-common...
[146/224] Checking plutus-chain-index...
[147/224] Checking plutus-contract...
[148/224] Checking plutus-ledger...
[149/224] Checking plutus-pab...
[150/224] Checking plutus-tx-plugin...
[151/224] Checking plutus-use-cases...
[152/224] Checking prettyprinter-configurable...
[153/224] Checking profunctors...
[154/224] Checking psqueues...
[155/224] Checking purescript-bridge...
[156/224] Checking quickcheck-dynamic...
[157/224] Checking quickcheck-instances...
[158/224] Checking quickcheck-state-machine...
[159/224] Checking random...
[160/224] Checking rebase...
[161/224] Checking recursion-schemes...
[162/224] Checking resource-registry...
[163/224] Checking row-types...
[164/224] Checking scientific...
[165/224] Checking scrypt...
[166/224] Checking semialign...
[167/224] Checking semigroupoids...
[168/224] Checking servant...
[169/224] Checking servant-client...
[170/224] Checking servant-client-core...
[171/224] Checking servant-foreign...
[172/224] Checking servant-openapi3...
[173/224] Checking servant-options...
[174/224] Checking servant-purescript...
[175/224] Checking servant-server...
[176/224] Checking servant-subscriber...
[177/224] Checking servant-swagger-ui...
[178/224] Checking servant-swagger-ui-core...
[179/224] Checking servant-websockets...
[180/224] Checking set-algebra...
[181/224] Checking size-based...
[182/224] Checking small-steps...
[183/224] Checking small-steps-test...
[184/224] Checking smallcheck...
[185/224] Checking splitmix...
[186/224] Checking streaming-bytestring...
[187/224] Checking strict...
[188/224] Checking strict-checked-vars...
[189/224] Checking strict-stm...
[190/224] Checking string-interpolate...
[191/224] Checking swagger2...
[192/224] Checking tasty...
[193/224] Checking tasty-bench...
[194/224] Checking tasty-discover...
[195/224] Checking tasty-golden...
[196/224] Checking tasty-hedgehog...
[197/224] Checking tasty-hspec...
[198/224] Checking tasty-wai...
[199/224] Checking tdigest...
[200/224] Checking test-framework...
[201/224] Checking test-framework-quickcheck2...
[202/224] Checking text-conversions...
[203/224] Checking text-short...
[204/224] Checking th-compat...
[205/224] Checking these-lens...
[206/224] Checking time-compat...
[207/224] Checking tls...
[208/224] Checking tracer-transformers...
[209/224] Checking transformers-except...
[210/224] Checking tree-diff...
[211/224] Checking trifecta...
[212/224] Checking typed-protocols...
[213/224] Checking typed-protocols-cborg...
[214/224] Checking typed-protocols-examples...
[215/224] Checking unordered-containers...
[216/224] Checking validation...
[217/224] Checking validation-selective...
[218/224] Checking vector...
[219/224] Checking vector-map...
[220/224] Checking webdriver...
[221/224] Checking wide-word...
[222/224] Checking witherable...
[223/224] Checking word-array...
[224/224] Checking yaml...

✅ Results written to package-check-results.md

Summary:
  Total: 224
  On Hackage: 158
  In all-cabal-hashes: 0
  Missing from all-cabal-hashes: 158

Next steps:
  1. Review package-check-results.md for packages marked 🔧
  2. For each 🔧 package, find GitHub source and add to overlay
  3. Update dep-list.md with findings
